<?xml version="1.0" encoding="UTF-8"?>
<!-- Generated by org.testng.reporters.JUnitReportReporter -->
<testsuite skipped="0" hostname="COMP" name="modules.MainClass" tests="1" failures="0" timestamp="30 Oct 2017 11:42:48 GMT" time="14.801" errors="0">
  <testcase name="homePageSettings" time="14.801" classname="modules.MainClass"/>
</testsuite> <!-- modules.MainClass -->
